<?xml version="1.0" encoding="UTF-8"?>
<testng-results ignored="0" total="1" passed="1" failed="0" skipped="0">
  <reporter-output>
  </reporter-output>
  <suite started-at="2024-04-23T11:11:47 IST" name="Default suite" finished-at="2024-04-23T11:12:13 IST" duration-ms="26270">
    <groups>
    </groups>
    <test started-at="2024-04-23T11:11:47 IST" name="Default test" finished-at="2024-04-23T11:12:13 IST" duration-ms="26270">
      <class name="com.ShopperStack_testScripts.Verify_user_is_able_to_delete_address_Test">
        <test-method is-config="true" signature="bs()[pri:0, instance:com.ShopperStack_testScripts.Verify_user_is_able_to_delete_address_Test@8f4ea7c]" started-at="2024-04-23T11:11:47 IST" name="bs" finished-at="2024-04-23T11:11:47 IST" duration-ms="38" status="PASS">
          <reporter-output>
          </reporter-output>
        </test-method> <!-- bs -->
        <test-method is-config="true" signature="bt()[pri:0, instance:com.ShopperStack_testScripts.Verify_user_is_able_to_delete_address_Test@8f4ea7c]" started-at="2024-04-23T11:11:47 IST" name="bt" finished-at="2024-04-23T11:11:47 IST" duration-ms="0" status="PASS">
          <reporter-output>
          </reporter-output>
        </test-method> <!-- bt -->
        <test-method is-config="true" signature="bc()[pri:0, instance:com.ShopperStack_testScripts.Verify_user_is_able_to_delete_address_Test@8f4ea7c]" started-at="2024-04-23T11:11:47 IST" name="bc" finished-at="2024-04-23T11:11:51 IST" duration-ms="3829" status="PASS">
          <reporter-output>
          </reporter-output>
        </test-method> <!-- bc -->
        <test-method is-config="true" signature="bm()[pri:0, instance:com.ShopperStack_testScripts.Verify_user_is_able_to_delete_address_Test@8f4ea7c]" started-at="2024-04-23T11:11:51 IST" name="bm" finished-at="2024-04-23T11:12:01 IST" duration-ms="9937" status="PASS">
          <reporter-output>
          </reporter-output>
        </test-method> <!-- bm -->
        <test-method signature="addAddress()[pri:0, instance:com.ShopperStack_testScripts.Verify_user_is_able_to_delete_address_Test@8f4ea7c]" started-at="2024-04-23T11:12:01 IST" name="addAddress" finished-at="2024-04-23T11:12:10 IST" duration-ms="8863" status="PASS">
          <reporter-output>
          </reporter-output>
        </test-method> <!-- addAddress -->
        <test-method is-config="true" signature="am()[pri:0, instance:com.ShopperStack_testScripts.Verify_user_is_able_to_delete_address_Test@8f4ea7c]" started-at="2024-04-23T11:12:10 IST" name="am" finished-at="2024-04-23T11:12:10 IST" duration-ms="157" status="PASS">
          <reporter-output>
          </reporter-output>
        </test-method> <!-- am -->
        <test-method is-config="true" signature="ac()[pri:0, instance:com.ShopperStack_testScripts.Verify_user_is_able_to_delete_address_Test@8f4ea7c]" started-at="2024-04-23T11:12:10 IST" name="ac" finished-at="2024-04-23T11:12:13 IST" duration-ms="3453" status="PASS">
          <reporter-output>
          </reporter-output>
        </test-method> <!-- ac -->
        <test-method is-config="true" signature="at()[pri:0, instance:com.ShopperStack_testScripts.Verify_user_is_able_to_delete_address_Test@8f4ea7c]" started-at="2024-04-23T11:12:13 IST" name="at" finished-at="2024-04-23T11:12:13 IST" duration-ms="0" status="PASS">
          <reporter-output>
          </reporter-output>
        </test-method> <!-- at -->
        <test-method is-config="true" signature="as()[pri:0, instance:com.ShopperStack_testScripts.Verify_user_is_able_to_delete_address_Test@8f4ea7c]" started-at="2024-04-23T11:12:13 IST" name="as" finished-at="2024-04-23T11:12:13 IST" duration-ms="0" status="PASS">
          <reporter-output>
          </reporter-output>
        </test-method> <!-- as -->
      </class> <!-- com.ShopperStack_testScripts.Verify_user_is_able_to_delete_address_Test -->
    </test> <!-- Default test -->
  </suite> <!-- Default suite -->
</testng-results>
